\BOOKMARK [-1][-]{part.1}{\376\377\000I\000\040\004\020\004\073\004\063\004\065\004\061\004\100\004\060}{}% 1
\BOOKMARK [0][-]{chapter.1}{\376\377\004\040\004\060\004\106\004\070\004\076\004\075\004\060\004\073\004\114\004\075\004\113\004\065\000\040\004\062\004\113\004\100\004\060\004\066\004\065\004\075\004\070\004\117}{part.1}% 2
\BOOKMARK [1][-]{section.1.1}{\376\377\004\044\004\076\004\100\004\074\004\103\004\073\004\113\000\040\004\101\004\076\004\072\004\100\004\060\004\111\004\121\004\075\004\075\004\076\004\063\004\076\000\040\004\103\004\074\004\075\004\076\004\066\004\065\004\075\004\070\004\117}{chapter.1}% 3
\BOOKMARK [-1][-]{part.2}{\376\377\000I\000I\000\040\004\034\004\060\004\102\004\065\004\074\004\060\004\102\004\070\004\107\004\065\004\101\004\072\004\070\004\071\000\040\004\060\004\075\004\060\004\073\004\070\004\067}{}% 4
\BOOKMARK [0][-]{chapter.2}{\376\377\004\044\004\103\004\075\004\072\004\106\004\070\004\070\000\040\004\070\000\040\004\070\004\105\000\040\004\101\004\062\004\076\004\071\004\101\004\102\004\062\004\060\000.}{part.2}% 5
\BOOKMARK [1][-]{section.2.1}{\376\377\004\023\004\100\004\060\004\104\004\070\004\072\000\040\004\104\004\103\004\075\004\072\004\106\004\070\004\070}{chapter.2}% 6
\BOOKMARK [1][-]{section.2.2}{\376\377\004\037\004\065\004\100\004\070\004\076\004\064\004\070\004\107\004\075\004\076\004\101\004\102\004\114\000\040\004\104\000-\004\070\004\071}{chapter.2}% 7
\BOOKMARK [0][-]{chapter.3}{\376\377\004\037\004\100\004\065\004\064\004\065\004\073\004\113}{part.2}% 8
\BOOKMARK [1][-]{section.3.1}{\376\377\004\037\004\100\004\065\004\064\004\065\004\073\000\040\004\075\004\060\000\040\004\061\004\065\004\101\004\072\004\076\004\075\004\065\004\107\004\075\004\076\004\101\004\102\004\070}{chapter.3}% 9
\BOOKMARK [0][-]{chapter.4}{\376\377\004\037\004\100\004\076\004\070\004\067\004\062\004\076\004\064\004\075\004\060\004\117}{part.2}% 10
\BOOKMARK [1][-]{section.4.1}{\376\377\004\041\004\062\004\076\004\071\004\101\004\102\004\062\004\060\000\040\004\077\004\100\004\076\004\070\004\067\004\062\004\076\004\064\004\075\004\113\004\105}{chapter.4}% 11
\BOOKMARK [2][-]{subsection.4.1.1}{\376\377\004\055\004\072\004\101\004\102\004\100\004\065\004\074\004\103\004\074\004\113\000\040\004\104\004\103\004\075\004\072\004\106\004\070\004\070\000\040\004\064\004\062\004\103\004\105\000\040\004\077\004\065\004\100\004\065\004\074\004\065\004\075\004\075\004\113\004\105}{section.4.1}% 12
\BOOKMARK [2][-]{subsection.4.1.2}{\376\377\004\055\004\072\004\101\004\102\004\100\004\065\004\074\004\103\004\074\004\113\000\040\004\104\004\103\004\075\004\072\004\106\004\070\004\070\000\040\004\102\004\100\004\121\004\105\000\040\004\077\004\065\004\100\004\065\004\074\004\065\004\075\004\075\004\113\004\105}{section.4.1}% 13
\BOOKMARK [2][-]{subsection.4.1.3}{\376\377\004\055\004\072\004\101\004\102\004\100\004\065\004\074\004\103\004\074\000\040\004\101\000\040\004\103\004\101\004\073\004\076\004\062\004\070\004\065\004\074\000.\000\040\004\034\004\065\004\102\004\076\004\064\000\040\004\074\004\075\004\076\004\066\004\070\004\102\004\065\004\073\004\065\004\071\000\040\004\033\004\060\004\063\004\100\004\060\004\075\004\066\004\060}{section.4.1}% 14
\BOOKMARK [1][-]{section.4.2}{\376\377\004\023\004\065\004\076\004\074\004\065\004\102\004\100\004\070\004\107\004\065\004\101\004\072\004\060\004\117\000\040\004\070\004\075\004\102\004\065\004\100\004\077\004\100\004\065\004\102\004\060\004\106\004\070\004\117\000\040\004\077\004\100\004\076\004\070\004\067\004\062\004\076\004\064\004\075\004\076\004\071}{chapter.4}% 15
\BOOKMARK [2][-]{subsection.4.2.1}{\376\377\004\032\004\060\004\101\004\060\004\102\004\065\004\073\004\114\004\075\004\060\004\117}{section.4.2}% 16
\BOOKMARK [2][-]{subsection.4.2.2}{\376\377\004\035\004\076\004\100\004\074\004\060\004\073\004\114}{section.4.2}% 17
\BOOKMARK [-1][-]{part.3}{\376\377\000I\000I\000I\000\040\004\023\004\065\004\076\004\074\004\065\004\102\004\100\004\070\004\117}{}% 18
\BOOKMARK [-1][-]{part.4}{\376\377\000I\000V\000\040\004\024\004\070\004\101\004\072\004\100\004\065\004\102\004\075\004\060\004\117\000\040\004\074\004\060\004\102\004\065\004\074\004\060\004\102\004\070\004\072\004\060}{}% 19
\BOOKMARK [0][-]{chapter.5}{\376\377\004\021\004\103\004\073\004\065\004\062\004\113\000\040\004\104\004\103\004\075\004\072\004\106\004\070\004\070}{part.4}% 20
\BOOKMARK [1][-]{section.5.1}{\376\377\004\034\004\065\004\102\004\076\004\064\004\113\000\040\004\074\004\070\004\075\004\070\004\074\004\060\004\073\004\070\004\067\004\060\004\106\004\070\004\070}{chapter.5}% 21
\BOOKMARK [2][-]{subsection.5.1.1}{\376\377\004\030\004\074\004\077\004\073\004\070\004\072\004\060\004\075\004\102\004\113}{section.5.1}% 22
\BOOKMARK [2][-]{subsection.5.1.2}{\376\377\004\041\004\076\004\072\004\100\004\060\004\111\004\065\004\075\004\075\004\113\004\065\000\040\004\024\004\035\004\044}{section.5.1}% 23
\BOOKMARK [2][-]{subsection.5.1.3}{\376\377\004\042\004\103\004\077\004\070\004\072\004\076\004\062\004\113\004\065\000\040\004\024\004\035\004\044}{section.5.1}% 24
\BOOKMARK [2][-]{subsection.5.1.4}{\376\377\004\032\004\100\004\060\004\102\004\107\004\060\004\071\004\110\004\070\004\065\000\040\004\070\000\040\004\074\004\070\004\075\004\070\004\074\004\060\004\073\004\114\004\075\004\113\004\065\000\040\004\024\004\035\004\044}{section.5.1}% 25
\BOOKMARK [1][-]{section.5.2}{\376\377\004\032\004\073\004\060\004\101\004\101\004\113\000\040\004\061\004\103\004\073\004\065\004\062\004\113\004\105\000\040\004\104\004\103\004\075\004\072\004\106\004\070\004\071\000\040\004\070\000\040\004\077\004\076\004\073\004\075\004\076\004\102\004\060}{chapter.5}% 26
\BOOKMARK [2][-]{subsection.5.2.1}{\376\377\004\032\004\073\004\060\004\101\004\101\004\113\000\040\004\021\004\044}{section.5.2}% 27
\BOOKMARK [2][-]{subsection.5.2.2}{\376\377\004\042\004\065\004\076\004\100\004\065\004\074\004\060\000\040\004\076\000\040\004\104\004\103\004\075\004\072\004\106\004\070\004\076\004\075\004\060\004\073\004\114\004\075\004\076\004\071\000\040\004\077\004\076\004\073\004\075\004\076\004\102\004\065}{section.5.2}% 28
\BOOKMARK [0][-]{chapter.6}{\376\377\004\042\004\065\004\076\004\100\004\070\004\117\000\040\004\063\004\100\004\060\004\104\004\076\004\062}{part.4}% 29
\BOOKMARK [1][-]{section.6.1}{\376\377\004\036\004\101\004\075\004\076\004\062\004\075\004\113\004\065\000\040\004\077\004\076\004\075\004\117\004\102\004\070\004\117}{chapter.6}% 30
\BOOKMARK [1][-]{section.6.2}{\376\377\004\041\004\062\004\117\004\067\004\075\004\076\004\101\004\102\004\114\000\040\004\063\004\100\004\060\004\104\004\076\004\062}{chapter.6}% 31
\BOOKMARK [2][-]{subsection.6.2.1}{\376\377\004\055\004\071\004\073\004\065\004\100\004\076\004\062\004\113\000\040\004\063\004\100\004\060\004\104\004\113}{section.6.2}% 32
\BOOKMARK [2][-]{subsection.6.2.2}{\376\377\004\023\004\060\004\074\004\070\004\073\004\114\004\102\004\076\004\075\004\076\004\062\004\113\000\040\004\063\004\100\004\060\004\104\004\113}{section.6.2}% 33
\BOOKMARK [1][-]{section.6.3}{\376\377\004\024\004\065\004\100\004\065\004\062\004\114\004\117}{chapter.6}% 34
\BOOKMARK [2][-]{subsection.6.3.1}{\376\377\004\036\004\101\004\102\004\076\004\062\004\075\004\113\004\065\000\040\004\064\004\065\004\100\004\065\004\062\004\114\004\117\000\040\004\070\000\040\004\074\004\065\004\102\004\076\004\064\004\113\000\040\004\075\004\060\004\105\004\076\004\066\004\064\004\065\004\075\004\070\004\117\000\040\004\074\004\070\004\075\004\070\004\074\004\060\004\073\004\114\004\075\004\113\004\105\000\040\004\076\004\101\004\102\004\076\004\062\004\075\004\113\004\105\000\040\004\064\004\065\004\100\004\065\004\062\004\114\004\065\004\062}{section.6.3}% 35
\BOOKMARK [2][-]{subsection.6.3.2}{\376\377\004\032\004\076\004\064\000\040\004\037\004\100\004\116\004\104\004\065\004\100\004\060}{section.6.3}% 36
\BOOKMARK [1][-]{section.6.4}{\376\377\004\037\004\073\004\060\004\075\004\060\004\100\004\075\004\113\004\065\000\040\004\063\004\100\004\060\004\104\004\113}{chapter.6}% 37
\BOOKMARK [-1][-]{part.5}{\376\377\000V\000\040\004\042\004\065\004\076\004\100\004\070\004\117\000\040\004\074\004\075\004\076\004\066\004\065\004\101\004\102\004\062}{}% 38
\BOOKMARK [0][-]{chapter.7}{\376\377\004\036\004\101\004\075\004\076\004\062\004\075\004\113\004\065\000\040\004\077\004\076\004\075\004\117\004\102\004\070\004\117}{part.5}% 39
\BOOKMARK [1][-]{section.7.1}{\376\377\004\036\004\077\004\100\004\065\004\064\004\065\004\073\004\065\004\075\004\070\004\065}{chapter.7}% 40
\BOOKMARK [1][-]{section.7.2}{\376\377\004\020\004\072\004\101\004\070\004\076\004\074\004\060\004\102\004\070\004\072\004\060}{chapter.7}% 41
\BOOKMARK [1][-]{section.7.3}{\376\377\004\036\004\077\004\065\004\100\004\060\004\106\004\070\004\070\000\040\004\075\004\060\000\040\004\074\004\075\004\076\004\066\004\065\004\101\004\102\004\062\004\060\004\074\004\070}{chapter.7}% 42
\BOOKMARK [0][-]{chapter.8}{\376\377\004\044\004\103\004\075\004\072\004\106\004\070\004\070\000\040\004\075\004\060\004\064\000\040\004\074\004\075\004\076\004\066\004\065\004\101\004\102\004\062\004\060\004\074\004\070}{part.5}% 43
\BOOKMARK [1][-]{section.8.1}{\376\377\004\036\004\077\004\100\004\065\004\064\004\065\004\073\004\065\004\075\004\070\004\065}{chapter.8}% 44
\BOOKMARK [1][-]{section.8.2}{\376\377\004\021\004\070\004\065\004\072\004\106\004\070\004\070\000,\000\040\004\030\004\075\004\114\004\065\004\072\004\106\004\070\004\070\000,\000\040\004\041\004\116\004\100\004\114\004\065\004\072\004\106\004\070\004\070}{chapter.8}% 45
\BOOKMARK [-1][-]{part.6}{\376\377\000V\000I\000\040\004\032\004\076\004\074\004\061\004\070\004\075\004\060\004\102\004\076\004\100\004\070\004\072\004\060}{}% 46
